<?xml version="1.0" encoding="UTF-8"?>
<!-- Generated by org.testng.reporters.JUnitXMLReporter -->
<testsuite ignored="0" hostname="MohdSalmanQA" failures="1" tests="3" name="LoginTest" time="16.995" errors="0" timestamp="2020-01-16T02:56:11 GMT-08:00">
  <testcase classname="tests.ReactSetPreferencesTest" name="TC1_Positive_SP_Verify_PageOpen_IsSetPerefences_Page" time="4.218"/>
  <testcase classname="tests.ReactSetPreferencesTest" name="TC2_Positive_SP_Verify_LoginPage_ShouldbeDisplayed_OnclickRecruiterLink" time="1.387"/>
  <testcase classname="tests.ReactSetPreferencesTest" name="TC3_Positive_SP_Verify_SetPreferences_DisplayedThreeFields_InDefault" time="0.947">
    <failure type="java.lang.AssertionError" message="expected [Discipline/Titl] but found [Discipline/Title]">
      <![CDATA[java.lang.AssertionError: expected [Discipline/Titl] but found [Discipline/Title]
at pages.ReactSetPreferences.verifyTitles(ReactSetPreferences.java:49)
at tests.ReactSetPreferencesTest.TC3_Positive_SP_Verify_SetPreferences_DisplayedThreeFields_InDefault(ReactSetPreferencesTest.java:89)
at java.base/java.util.ArrayList.forEach(ArrayList.java:1507)
... Removed 32 stack frames]]>
    </failure>
  </testcase> <!-- TC3_Positive_SP_Verify_SetPreferences_DisplayedThreeFields_InDefault -->
</testsuite> <!-- LoginTest -->
