<?xml version="1.0" encoding="UTF-8"?>
<!-- Generated by org.testng.reporters.JUnitReportReporter -->
<testsuite skipped="0" hostname="MSalman" name="tests.ReactSignUpTest" tests="11" failures="2" timestamp="26 Jun 2019 13:55:22 GMT" time="113.608" errors="0">
  <testcase name="TC_Negative_Talent_Verify_ErrorDisplayed_whenuser_enter_invalid_emailid" time="28.328" classname="tests.ReactSignUpTest"/>
  <testcase name="TC_Negative_Talent_Verify_ErrorDisplayed_ByEmpty_FullNameEmail_AndEmptyPassword" time="5.459" classname="tests.ReactSignUpTest"/>
  <testcase name="TC_Negative_Talent_Verify_ErrorDisplayed_ByEmpty_FullNameEmail" time="5.526" classname="tests.ReactSignUpTest"/>
  <testcase name="TC_Negative_Talent_Verify_ErrorDisplayed_ByEmpty_Email" time="5.527" classname="tests.ReactSignUpTest"/>
  <testcase name="TC_Negative_Talent_Verify_ErrorDisplayed_ByEmpty_Password" time="5.621" classname="tests.ReactSignUpTest"/>
  <testcase name="TC_Negative_Talent_Verify_ErrorDisplayed_WhenUserUses_ExistingEmail" time="5.915" classname="tests.ReactSignUpTest"/>
  <testcase name="TC_Negative_Talent_Verify_ErrorDisplayed_ByEnterOnly2Characters_InPassword" time="5.630" classname="tests.ReactSignUpTest">
    <failure type="java.lang.AssertionError" message="expected [Please enter at least 3 characters for your password] but found []">
      <![CDATA[java.lang.AssertionError: expected [Please enter at least 3 characters for your password] but found []
at org.testng.Assert.fail(Assert.java:96)
at org.testng.Assert.failNotEquals(Assert.java:776)
at org.testng.Assert.assertEqualsImpl(Assert.java:137)
at org.testng.Assert.assertEquals(Assert.java:118)
at org.testng.Assert.assertEquals(Assert.java:453)
at org.testng.Assert.assertEquals(Assert.java:463)
at pages.ReactSignUp.verify2characterPwd(ReactSignUp.java:124)
at tests.ReactSignUpTest.TC_Negative_Talent_Verify_ErrorDisplayed_ByEnterOnly2Characters_InPassword(ReactSignUpTest.java:210)
at sun.reflect.NativeMethodAccessorImpl.invoke0(Native Method)
at sun.reflect.NativeMethodAccessorImpl.invoke(NativeMethodAccessorImpl.java:62)
at sun.reflect.DelegatingMethodAccessorImpl.invoke(DelegatingMethodAccessorImpl.java:43)
at java.lang.reflect.Method.invoke(Method.java:498)
at org.testng.internal.MethodInvocationHelper.invokeMethod(MethodInvocationHelper.java:124)
at org.testng.internal.Invoker.invokeMethod(Invoker.java:580)
at org.testng.internal.Invoker.invokeTestMethod(Invoker.java:716)
at org.testng.internal.Invoker.invokeTestMethods(Invoker.java:988)
at org.testng.internal.TestMethodWorker.invokeTestMethods(TestMethodWorker.java:125)
at org.testng.internal.TestMethodWorker.run(TestMethodWorker.java:109)
at org.testng.TestRunner.privateRun(TestRunner.java:648)
at org.testng.TestRunner.run(TestRunner.java:505)
at org.testng.SuiteRunner.runTest(SuiteRunner.java:455)
at org.testng.SuiteRunner.runSequentially(SuiteRunner.java:450)
at org.testng.SuiteRunner.privateRun(SuiteRunner.java:415)
at org.testng.SuiteRunner.run(SuiteRunner.java:364)
at org.testng.SuiteRunnerWorker.runSuite(SuiteRunnerWorker.java:52)
at org.testng.SuiteRunnerWorker.run(SuiteRunnerWorker.java:84)
at org.testng.TestNG.runSuitesSequentially(TestNG.java:1208)
at org.testng.TestNG.runSuitesLocally(TestNG.java:1137)
at org.testng.TestNG.runSuites(TestNG.java:1049)
at org.testng.TestNG.run(TestNG.java:1017)
at org.testng.remote.AbstractRemoteTestNG.run(AbstractRemoteTestNG.java:114)
at org.testng.remote.RemoteTestNG.initAndRun(RemoteTestNG.java:251)
at org.testng.remote.RemoteTestNG.main(RemoteTestNG.java:77)
]]>
    </failure>
  </testcase> <!-- TC_Negative_Talent_Verify_ErrorDisplayed_ByEnterOnly2Characters_InPassword -->
  <testcase name="TC_Negative_Talent_Verify_ErrorDisplayed_ByEnterOnyFirstName_InFullName" time="5.633" classname="tests.ReactSignUpTest">
    <failure type="java.lang.AssertionError" message="expected [You must enter your first name (not just your initial) and last name separated by a space] but found []">
      <![CDATA[java.lang.AssertionError: expected [You must enter your first name (not just your initial) and last name separated by a space] but found []
at org.testng.Assert.fail(Assert.java:96)
at org.testng.Assert.failNotEquals(Assert.java:776)
at org.testng.Assert.assertEqualsImpl(Assert.java:137)
at org.testng.Assert.assertEquals(Assert.java:118)
at org.testng.Assert.assertEquals(Assert.java:453)
at org.testng.Assert.assertEquals(Assert.java:463)
at pages.ReactSignUp.verifyEmptyFullname(ReactSignUp.java:107)
at tests.ReactSignUpTest.TC_Negative_Talent_Verify_ErrorDisplayed_ByEnterOnyFirstName_InFullName(ReactSignUpTest.java:237)
at sun.reflect.NativeMethodAccessorImpl.invoke0(Native Method)
at sun.reflect.NativeMethodAccessorImpl.invoke(NativeMethodAccessorImpl.java:62)
at sun.reflect.DelegatingMethodAccessorImpl.invoke(DelegatingMethodAccessorImpl.java:43)
at java.lang.reflect.Method.invoke(Method.java:498)
at org.testng.internal.MethodInvocationHelper.invokeMethod(MethodInvocationHelper.java:124)
at org.testng.internal.Invoker.invokeMethod(Invoker.java:580)
at org.testng.internal.Invoker.invokeTestMethod(Invoker.java:716)
at org.testng.internal.Invoker.invokeTestMethods(Invoker.java:988)
at org.testng.internal.TestMethodWorker.invokeTestMethods(TestMethodWorker.java:125)
at org.testng.internal.TestMethodWorker.run(TestMethodWorker.java:109)
at org.testng.TestRunner.privateRun(TestRunner.java:648)
at org.testng.TestRunner.run(TestRunner.java:505)
at org.testng.SuiteRunner.runTest(SuiteRunner.java:455)
at org.testng.SuiteRunner.runSequentially(SuiteRunner.java:450)
at org.testng.SuiteRunner.privateRun(SuiteRunner.java:415)
at org.testng.SuiteRunner.run(SuiteRunner.java:364)
at org.testng.SuiteRunnerWorker.runSuite(SuiteRunnerWorker.java:52)
at org.testng.SuiteRunnerWorker.run(SuiteRunnerWorker.java:84)
at org.testng.TestNG.runSuitesSequentially(TestNG.java:1208)
at org.testng.TestNG.runSuitesLocally(TestNG.java:1137)
at org.testng.TestNG.runSuites(TestNG.java:1049)
at org.testng.TestNG.run(TestNG.java:1017)
at org.testng.remote.AbstractRemoteTestNG.run(AbstractRemoteTestNG.java:114)
at org.testng.remote.RemoteTestNG.initAndRun(RemoteTestNG.java:251)
at org.testng.remote.RemoteTestNG.main(RemoteTestNG.java:77)
]]>
    </failure>
  </testcase> <!-- TC_Negative_Talent_Verify_ErrorDisplayed_ByEnterOnyFirstName_InFullName -->
  <testcase name="TC_Negative_Talent_Verify_theResendEmailVerification_ShouldBeDisplayed_OnlcikResendEmailLink" time="4.331" classname="tests.ReactSignUpTest"/>
  <testcase name="TC_Negative_Talent_Verify_theForgotPassword_ShouldBeDisplayed_OnlcikForgotPasswordLink" time="25.648" classname="tests.ReactSignUpTest"/>
  <testcase name="TC_Positive_Talent_Verify_theNewUser_IsAbleTo_SignUpProperly_withValidData" time="15.990" classname="tests.ReactSignUpTest"/>
</testsuite> <!-- tests.ReactSignUpTest -->
