<?xml version="1.0" encoding="UTF-8"?>
<!-- Generated by org.testng.reporters.JUnitReportReporter -->
<testsuite hostname="MohdSalmanQA" failures="1" tests="8" name="tests.ReactSetPreferencesTest" time="17.308" errors="0" timestamp="2020-01-17T05:18:02 GMT-08:00" skipped="0">
  <testcase classname="tests.ReactSetPreferencesTest" name="TC1_Positive_SP_Verify_PageOpen_IsSetPerefences_Page" time="5.022"/>
  <testcase classname="tests.ReactSetPreferencesTest" name="TC2_Positive_SP_Verify_LoginPage_ShouldbeDisplayed_OnclickRecruiterLink" time="0.146"/>
  <testcase classname="tests.ReactSetPreferencesTest" name="TC3_Positive_SP_Verify_SetPreferences_DisplayedThreeFields_InDefault" time="3.192"/>
  <testcase classname="tests.ReactSetPreferencesTest" name="TC4_Positive_SP_Verify_userShould_beAbleTo_SelectPermanent_GigType" time="0.104"/>
  <testcase classname="tests.ReactSetPreferencesTest" name="TC5_Positive_SP_Verify_userShould_beAbleTo_DeselectBoth_GigType" time="0.121"/>
  <testcase classname="tests.ReactSetPreferencesTest" name="TC6_Positive_SP_Verify_userShould_beAbleto_SetStateLicensed_LocationByEdit" time="8.463"/>
  <testcase classname="tests.ReactSetPreferencesTest" name="TC7_Positive_SP_Verify_userShould_beAbleto_SetStateLicensed_LocationByAutoDetect" time="0.070"/>
  <testcase classname="tests.ReactSetPreferencesTest" name="TC8_Positive_SP_Verify_userShould_beAbleto_SetDisciplibe" time="0.190">
    <failure message="expected [Nursing] but found [Select Discipline]" type="java.lang.AssertionError">
      <![CDATA[java.lang.AssertionError: expected [Nursing] but found [Select Discipline]
at org.testng.Assert.fail(Assert.java:97)
at org.testng.Assert.assertEqualsImpl(Assert.java:136)
at org.testng.Assert.assertEquals(Assert.java:118)
at org.testng.Assert.assertEquals(Assert.java:575)
at org.testng.Assert.assertEquals(Assert.java:585)
at pages.ReactSetPreferences.verifyDiscipline(ReactSetPreferences.java:140)
at tests.ReactSetPreferencesTest.TC8_Positive_SP_Verify_userShould_beAbleto_SetDisciplibe(ReactSetPreferencesTest.java:212)
at java.base/jdk.internal.reflect.NativeMethodAccessorImpl.invoke0(Native Method)
at java.base/jdk.internal.reflect.NativeMethodAccessorImpl.invoke(NativeMethodAccessorImpl.java:62)
at java.base/jdk.internal.reflect.DelegatingMethodAccessorImpl.invoke(DelegatingMethodAccessorImpl.java:43)
at java.base/java.lang.reflect.Method.invoke(Method.java:567)
at org.testng.internal.MethodInvocationHelper.invokeMethod(MethodInvocationHelper.java:133)
at org.testng.internal.TestInvoker.invokeMethod(TestInvoker.java:584)
at org.testng.internal.TestInvoker.invokeTestMethod(TestInvoker.java:172)
at org.testng.internal.MethodRunner.runInSequence(MethodRunner.java:46)
at org.testng.internal.TestInvoker$MethodInvocationAgent.invoke(TestInvoker.java:804)
at org.testng.internal.TestInvoker.invokeTestMethods(TestInvoker.java:145)
at org.testng.internal.TestMethodWorker.invokeTestMethods(TestMethodWorker.java:146)
at org.testng.internal.TestMethodWorker.run(TestMethodWorker.java:128)
at java.base/java.util.ArrayList.forEach(ArrayList.java:1507)
at org.testng.TestRunner.privateRun(TestRunner.java:770)
at org.testng.TestRunner.run(TestRunner.java:591)
at org.testng.SuiteRunner.runTest(SuiteRunner.java:402)
at org.testng.SuiteRunner.runSequentially(SuiteRunner.java:396)
at org.testng.SuiteRunner.privateRun(SuiteRunner.java:355)
at org.testng.SuiteRunner.run(SuiteRunner.java:304)
at org.testng.SuiteRunnerWorker.runSuite(SuiteRunnerWorker.java:53)
at org.testng.SuiteRunnerWorker.run(SuiteRunnerWorker.java:96)
at org.testng.TestNG.runSuitesSequentially(TestNG.java:1180)
at org.testng.TestNG.runSuitesLocally(TestNG.java:1102)
at org.testng.TestNG.runSuites(TestNG.java:1032)
at org.testng.TestNG.run(TestNG.java:1000)
at org.testng.remote.AbstractRemoteTestNG.run(AbstractRemoteTestNG.java:115)
at org.testng.remote.RemoteTestNG.initAndRun(RemoteTestNG.java:251)
at org.testng.remote.RemoteTestNG.main(RemoteTestNG.java:77)
]]>
    </failure>
  </testcase> <!-- TC8_Positive_SP_Verify_userShould_beAbleto_SetDisciplibe -->
</testsuite> <!-- tests.ReactSetPreferencesTest -->
