<?xml version="1.0" encoding="UTF-8"?>
<!-- Generated by org.testng.reporters.JUnitReportReporter -->
<testsuite skipped="0" hostname="MSalman" name="tests.ReactSignInTest" tests="14" failures="1" timestamp="26 Jun 2019 13:45:57 GMT" time="97.659" errors="1">
  <testcase name="TC_Negative_Verify_InvalidUserName_InvalidPassword" time="22.550" classname="tests.ReactSignInTest"/>
  <testcase name="TC_Negative_Verify_InvalidUserName_validPassword" time="4.659" classname="tests.ReactSignInTest"/>
  <testcase name="TC_Negative_Verify_validUserName_InvalidPassword" time="4.667" classname="tests.ReactSignInTest"/>
  <testcase name="TC_Negative_Verify_IncorrectUserName_IncorrectPassword" time="6.718" classname="tests.ReactSignInTest"/>
  <testcase name="TC_Negative_Verify_IncorrectUserName_correctPassword" time="4.584" classname="tests.ReactSignInTest"/>
  <testcase name="TC_Negative_Verify_correctUserName_IncorrectPassword" time="4.691" classname="tests.ReactSignInTest"/>
  <testcase name="TC_Negative_Verify_EmptyUserName_EmpltyPassword" time="4.370" classname="tests.ReactSignInTest"/>
  <testcase name="TC_Negative_Verify_EmptyUserName_ValidPassword" time="4.347" classname="tests.ReactSignInTest"/>
  <testcase name="TC_Negative_Verify_UserName_ValidPassword" time="4.444" classname="tests.ReactSignInTest"/>
  <testcase name="TC_Negative_Verify_theErrorDisplayed_byEnter_0nly_TwoCharacters_Inpassword" time="4.492" classname="tests.ReactSignInTest">
    <failure type="java.lang.AssertionError" message="expected [Please enter at least 3 characters.] but found [Either username does not exist or password is wrong]">
      <![CDATA[java.lang.AssertionError: expected [Please enter at least 3 characters.] but found [Either username does not exist or password is wrong]
at org.testng.Assert.fail(Assert.java:96)
at org.testng.Assert.failNotEquals(Assert.java:776)
at org.testng.Assert.assertEqualsImpl(Assert.java:137)
at org.testng.Assert.assertEquals(Assert.java:118)
at org.testng.Assert.assertEquals(Assert.java:453)
at org.testng.Assert.assertEquals(Assert.java:463)
at pages.ReactSignIn.verify3characterPwd(ReactSignIn.java:147)
at tests.ReactSignInTest.TC_Negative_Verify_theErrorDisplayed_byEnter_0nly_TwoCharacters_Inpassword(ReactSignInTest.java:302)
at sun.reflect.NativeMethodAccessorImpl.invoke0(Native Method)
at sun.reflect.NativeMethodAccessorImpl.invoke(NativeMethodAccessorImpl.java:62)
at sun.reflect.DelegatingMethodAccessorImpl.invoke(DelegatingMethodAccessorImpl.java:43)
at java.lang.reflect.Method.invoke(Method.java:498)
at org.testng.internal.MethodInvocationHelper.invokeMethod(MethodInvocationHelper.java:124)
at org.testng.internal.Invoker.invokeMethod(Invoker.java:580)
at org.testng.internal.Invoker.invokeTestMethod(Invoker.java:716)
at org.testng.internal.Invoker.invokeTestMethods(Invoker.java:988)
at org.testng.internal.TestMethodWorker.invokeTestMethods(TestMethodWorker.java:125)
at org.testng.internal.TestMethodWorker.run(TestMethodWorker.java:109)
at org.testng.TestRunner.privateRun(TestRunner.java:648)
at org.testng.TestRunner.run(TestRunner.java:505)
at org.testng.SuiteRunner.runTest(SuiteRunner.java:455)
at org.testng.SuiteRunner.runSequentially(SuiteRunner.java:450)
at org.testng.SuiteRunner.privateRun(SuiteRunner.java:415)
at org.testng.SuiteRunner.run(SuiteRunner.java:364)
at org.testng.SuiteRunnerWorker.runSuite(SuiteRunnerWorker.java:52)
at org.testng.SuiteRunnerWorker.run(SuiteRunnerWorker.java:84)
at org.testng.TestNG.runSuitesSequentially(TestNG.java:1208)
at org.testng.TestNG.runSuitesLocally(TestNG.java:1137)
at org.testng.TestNG.runSuites(TestNG.java:1049)
at org.testng.TestNG.run(TestNG.java:1017)
at org.testng.remote.AbstractRemoteTestNG.run(AbstractRemoteTestNG.java:114)
at org.testng.remote.RemoteTestNG.initAndRun(RemoteTestNG.java:251)
at org.testng.remote.RemoteTestNG.main(RemoteTestNG.java:77)
]]>
    </failure>
  </testcase> <!-- TC_Negative_Verify_theErrorDisplayed_byEnter_0nly_TwoCharacters_Inpassword -->
  <testcase name="TC_Positive_Verify_theForgotPassword_pageShouldDisplayed_onclickLink" time="6.059" classname="tests.ReactSignInTest"/>
  <testcase name="TC_Positive_Verify_theEmailVerificationPage_ShouldDisplayed_OnclickLink" time="7.313" classname="tests.ReactSignInTest"/>
  <testcase name="TC_Positive_Verify_theSignUpPage_ShouldDisplayed_OnclickLink" time="8.017" classname="tests.ReactSignInTest">
    <error type="org.openqa.selenium.NoSuchElementException" message="Unable to locate element: //*[@id=&quot;site-content&quot;]/div/div/div/div[1]/div/div/div/div/form/h1
For documentation on this error, please visit: http://seleniumhq.org/exceptions/no_such_element.html
Build info: version: &#039;3.14.0&#039;, revision: &#039;aacccce0&#039;, time: &#039;2018-08-02T20:05:20.749Z&#039;
System info: host: &#039;MSALMAN&#039;, ip: &#039;192.168.0.230&#039;, os.name: &#039;Windows 10&#039;, os.arch: &#039;amd64&#039;, os.version: &#039;10.0&#039;, java.version: &#039;1.8.0_181&#039;
Driver info: org.openqa.selenium.firefox.FirefoxDriver
Capabilities {acceptInsecureCerts: true, browserName: firefox, browserVersion: 68.0, javascriptEnabled: true, moz:accessibilityChecks: false, moz:buildID: 20190521110747, moz:geckodriverVersion: 0.23.0, moz:headless: false, moz:processID: 10600, moz:profile: C:\Users\Win10\AppData\Loca..., moz:shutdownTimeout: 60000, moz:useNonSpecCompliantPointerOrigin: false, moz:webdriverClick: true, pageLoadStrategy: normal, platform: WINDOWS, platformName: WINDOWS, platformVersion: 10.0, rotatable: false, setWindowRect: true, strictFileInteractability: false, timeouts: {implicit: 0, pageLoad: 300000, script: 30000}, unhandledPromptBehavior: dismiss and notify}
Session ID: 3c13199e-1637-42ff-9b56-a136ab0fbc56
*** Element info: {Using=xpath, value=//*[@id=&quot;site-content&quot;]/div/div/div/div[1]/div/div/div/div/form/h1}">
      <![CDATA[org.openqa.selenium.NoSuchElementException: Unable to locate element: //*[@id="site-content"]/div/div/div/div[1]/div/div/div/div/form/h1
For documentation on this error, please visit: http://seleniumhq.org/exceptions/no_such_element.html
Build info: version: '3.14.0', revision: 'aacccce0', time: '2018-08-02T20:05:20.749Z'
System info: host: 'MSALMAN', ip: '192.168.0.230', os.name: 'Windows 10', os.arch: 'amd64', os.version: '10.0', java.version: '1.8.0_181'
Driver info: org.openqa.selenium.firefox.FirefoxDriver
Capabilities {acceptInsecureCerts: true, browserName: firefox, browserVersion: 68.0, javascriptEnabled: true, moz:accessibilityChecks: false, moz:buildID: 20190521110747, moz:geckodriverVersion: 0.23.0, moz:headless: false, moz:processID: 10600, moz:profile: C:\Users\Win10\AppData\Loca..., moz:shutdownTimeout: 60000, moz:useNonSpecCompliantPointerOrigin: false, moz:webdriverClick: true, pageLoadStrategy: normal, platform: WINDOWS, platformName: WINDOWS, platformVersion: 10.0, rotatable: false, setWindowRect: true, strictFileInteractability: false, timeouts: {implicit: 0, pageLoad: 300000, script: 30000}, unhandledPromptBehavior: dismiss and notify}
Session ID: 3c13199e-1637-42ff-9b56-a136ab0fbc56
*** Element info: {Using=xpath, value=//*[@id="site-content"]/div/div/div/div[1]/div/div/div/div/form/h1}
at sun.reflect.NativeConstructorAccessorImpl.newInstance0(Native Method)
at sun.reflect.NativeConstructorAccessorImpl.newInstance(NativeConstructorAccessorImpl.java:62)
at sun.reflect.DelegatingConstructorAccessorImpl.newInstance(DelegatingConstructorAccessorImpl.java:45)
at java.lang.reflect.Constructor.newInstance(Constructor.java:423)
at org.openqa.selenium.remote.http.W3CHttpResponseCodec.createException(W3CHttpResponseCodec.java:187)
at org.openqa.selenium.remote.http.W3CHttpResponseCodec.decode(W3CHttpResponseCodec.java:122)
at org.openqa.selenium.remote.http.W3CHttpResponseCodec.decode(W3CHttpResponseCodec.java:49)
at org.openqa.selenium.remote.HttpCommandExecutor.execute(HttpCommandExecutor.java:158)
at org.openqa.selenium.remote.service.DriverCommandExecutor.execute(DriverCommandExecutor.java:83)
at org.openqa.selenium.remote.RemoteWebDriver.execute(RemoteWebDriver.java:548)
at org.openqa.selenium.remote.RemoteWebDriver.findElement(RemoteWebDriver.java:322)
at org.openqa.selenium.remote.RemoteWebDriver.findElementByXPath(RemoteWebDriver.java:424)
at org.openqa.selenium.By$ByXPath.findElement(By.java:353)
at org.openqa.selenium.remote.RemoteWebDriver.findElement(RemoteWebDriver.java:314)
at pages.BasePage.readText(BasePage.java:29)
at pages.ReactSignIn.signUp(ReactSignIn.java:176)
at tests.ReactSignInTest.TC_Positive_Verify_theSignUpPage_ShouldDisplayed_OnclickLink(ReactSignInTest.java:382)
at sun.reflect.NativeMethodAccessorImpl.invoke0(Native Method)
at sun.reflect.NativeMethodAccessorImpl.invoke(NativeMethodAccessorImpl.java:62)
at sun.reflect.DelegatingMethodAccessorImpl.invoke(DelegatingMethodAccessorImpl.java:43)
at java.lang.reflect.Method.invoke(Method.java:498)
at org.testng.internal.MethodInvocationHelper.invokeMethod(MethodInvocationHelper.java:124)
at org.testng.internal.Invoker.invokeMethod(Invoker.java:580)
at org.testng.internal.Invoker.invokeTestMethod(Invoker.java:716)
at org.testng.internal.Invoker.invokeTestMethods(Invoker.java:988)
at org.testng.internal.TestMethodWorker.invokeTestMethods(TestMethodWorker.java:125)
at org.testng.internal.TestMethodWorker.run(TestMethodWorker.java:109)
at org.testng.TestRunner.privateRun(TestRunner.java:648)
at org.testng.TestRunner.run(TestRunner.java:505)
at org.testng.SuiteRunner.runTest(SuiteRunner.java:455)
at org.testng.SuiteRunner.runSequentially(SuiteRunner.java:450)
at org.testng.SuiteRunner.privateRun(SuiteRunner.java:415)
at org.testng.SuiteRunner.run(SuiteRunner.java:364)
at org.testng.SuiteRunnerWorker.runSuite(SuiteRunnerWorker.java:52)
at org.testng.SuiteRunnerWorker.run(SuiteRunnerWorker.java:84)
at org.testng.TestNG.runSuitesSequentially(TestNG.java:1208)
at org.testng.TestNG.runSuitesLocally(TestNG.java:1137)
at org.testng.TestNG.runSuites(TestNG.java:1049)
at org.testng.TestNG.run(TestNG.java:1017)
at org.testng.remote.AbstractRemoteTestNG.run(AbstractRemoteTestNG.java:114)
at org.testng.remote.RemoteTestNG.initAndRun(RemoteTestNG.java:251)
at org.testng.remote.RemoteTestNG.main(RemoteTestNG.java:77)
]]>
    </error>
  </testcase> <!-- TC_Positive_Verify_theSignUpPage_ShouldDisplayed_OnclickLink -->
  <testcase name="TC_Positive_Verify_ValidUserName_ValidPassword" time="10.748" classname="tests.ReactSignInTest"/>
</testsuite> <!-- tests.ReactSignInTest -->
